<?xml version="1.0"?>
<testsuites>
  <testsuite name="PhantomJS 1.9.7 (Mac OS X)" package="" timestamp="2014-06-13T21:35:38" id="0" hostname="argon" tests="3" errors="0" failures="0" time="0.016">
    <properties>
      <property name="browser.fullName" value="Mozilla/5.0 (Macintosh; Intel Mac OS X) AppleWebKit/534.34 (KHTML, like Gecko) PhantomJS/1.9.7 Safari/534.34"/>
    </properties>
    <testcase name="should have no items to start" time="0.012" classname="PhantomJS 1.9.7 (Mac OS X).Controller: MainCtrl"/>
    <testcase name="should add items to the list" time="0.002" classname="PhantomJS 1.9.7 (Mac OS X).Controller: MainCtrl"/>
    <testcase name="should add items to the list" time="0.002" classname="PhantomJS 1.9.7 (Mac OS X).Controller: MainCtrl"/>
    <system-out><![CDATA[
]]></system-out>
    <system-err/>
  </testsuite>
</testsuites>
